::1 - - [09/Aug/2025 16:11:19] "GET / HTTP/1.1" 304 -
::1 - - [09/Aug/2025 16:11:20] "GET /community.html HTTP/1.1" 304 -
::1 - - [09/Aug/2025 16:11:59] "GET /community.html HTTP/1.1" 200 -
::1 - - [09/Aug/2025 16:14:16] "GET /community.html HTTP/1.1" 200 -
::1 - - [09/Aug/2025 16:14:56] "GET /community.html HTTP/1.1" 200 -
::1 - - [09/Aug/2025 16:20:02] "GET /community.html HTTP/1.1" 200 -
::1 - - [09/Aug/2025 16:21:10] "GET /index.html HTTP/1.1" 304 -
::1 - - [09/Aug/2025 16:21:11] "GET /community.html HTTP/1.1" 200 -
::1 - - [09/Aug/2025 16:21:51] "GET /community.html HTTP/1.1" 304 -
::1 - - [09/Aug/2025 16:22:06] "GET /community.html HTTP/1.1" 304 -
::1 - - [09/Aug/2025 16:22:29] "GET /js/script.js HTTP/1.1" 200 -
::1 - - [09/Aug/2025 16:22:35] "GET /community.html HTTP/1.1" 200 -
::1 - - [09/Aug/2025 16:22:39] "GET /community.html HTTP/1.1" 200 -
::1 - - [09/Aug/2025 16:23:05] "GET /js/script.js HTTP/1.1" 200 -
::1 - - [09/Aug/2025 16:23:15] "GET /community.html HTTP/1.1" 304 -
::1 - - [09/Aug/2025 16:23:38] "GET /community.html HTTP/1.1" 304 -
::1 - - [09/Aug/2025 16:23:59] code 404, message File not found
::1 - - [09/Aug/2025 16:23:59] "GET /.well-known/appspecific/com.chrome.devtools.json HTTP/1.1" 404 -
::1 - - [09/Aug/2025 16:25:15] "GET /community.html HTTP/1.1" 304 -
::1 - - [09/Aug/2025 16:25:15] code 404, message File not found
::1 - - [09/Aug/2025 16:25:15] "GET /.well-known/appspecific/com.chrome.devtools.json HTTP/1.1" 404 -
::1 - - [09/Aug/2025 16:25:29] code 404, message File not found
::1 - - [09/Aug/2025 16:25:29] "GET /.well-known/appspecific/com.chrome.devtools.json HTTP/1.1" 404 -
::1 - - [09/Aug/2025 16:25:42] "GET /community.html HTTP/1.1" 304 -
::1 - - [09/Aug/2025 16:25:42] code 404, message File not found
::1 - - [09/Aug/2025 16:25:42] "GET /.well-known/appspecific/com.chrome.devtools.json HTTP/1.1" 404 -
::1 - - [09/Aug/2025 16:25:48] "GET /community.html HTTP/1.1" 200 -
::1 - - [09/Aug/2025 16:25:48] "GET /js/script.js HTTP/1.1" 200 -
::1 - - [09/Aug/2025 16:25:48] "GET /assets/images/png-format/levelup-full-logo.png HTTP/1.1" 200 -
::1 - - [09/Aug/2025 16:25:48] "GET /assets/images/chai-ai-tshirt.png HTTP/1.1" 200 -
::1 - - [09/Aug/2025 16:25:48] "GET /css/styles.css HTTP/1.1" 200 -
::1 - - [09/Aug/2025 16:25:57] code 404, message File not found
::1 - - [09/Aug/2025 16:25:57] "GET /.well-known/appspecific/com.chrome.devtools.json HTTP/1.1" 404 -
::1 - - [09/Aug/2025 16:26:22] "GET /js/script.js HTTP/1.1" 200 -
::1 - - [09/Aug/2025 16:27:38] "GET / HTTP/1.1" 200 -
::1 - - [09/Aug/2025 16:27:38] "GET /css/styles.css HTTP/1.1" 200 -
::1 - - [09/Aug/2025 16:27:38] "GET /assets/images/png-format/levelup-full-logo.png HTTP/1.1" 200 -
::1 - - [09/Aug/2025 16:27:38] "GET /js/script.js HTTP/1.1" 200 -
::1 - - [09/Aug/2025 16:27:41] "GET /community.html HTTP/1.1" 200 -
::1 - - [09/Aug/2025 16:27:41] "GET /assets/images/chai-ai-tshirt.png HTTP/1.1" 200 -
::1 - - [09/Aug/2025 16:27:41] "GET /js/script.js HTTP/1.1" 304 -
::1 - - [09/Aug/2025 16:27:53] code 404, message File not found
::1 - - [09/Aug/2025 16:27:53] "GET /.well-known/appspecific/com.chrome.devtools.json HTTP/1.1" 404 -
::1 - - [09/Aug/2025 17:46:38] "GET /css/styles.css HTTP/1.1" 304 -
::1 - - [09/Aug/2025 17:46:38] "GET /js/script.js HTTP/1.1" 304 -
::1 - - [09/Aug/2025 17:46:39] "GET /community.html HTTP/1.1" 304 -
::1 - - [09/Aug/2025 17:46:48] code 404, message File not found
::1 - - [09/Aug/2025 17:46:48] "GET /.well-known/appspecific/com.chrome.devtools.json HTTP/1.1" 404 -
::1 - - [09/Aug/2025 17:49:39] "GET /community.html HTTP/1.1" 200 -
::1 - - [09/Aug/2025 17:52:11] code 404, message File not found
::1 - - [09/Aug/2025 17:52:11] "GET /.well-known/appspecific/com.chrome.devtools.json HTTP/1.1" 404 -
::1 - - [09/Aug/2025 17:52:50] "GET /community.html HTTP/1.1" 200 -
::1 - - [09/Aug/2025 17:52:50] "GET /js/notes-modal.js HTTP/1.1" 200 -
::1 - - [09/Aug/2025 17:52:50] code 404, message File not found
::1 - - [09/Aug/2025 17:52:50] "GET /.well-known/appspecific/com.chrome.devtools.json HTTP/1.1" 404 -
::1 - - [09/Aug/2025 17:55:56] "GET /css/styles.css HTTP/1.1" 304 -
::1 - - [09/Aug/2025 17:55:56] "GET /js/script.js HTTP/1.1" 200 -
::1 - - [09/Aug/2025 17:55:57] "GET /community.html HTTP/1.1" 304 -
::1 - - [09/Aug/2025 17:55:57] "GET /js/script.js HTTP/1.1" 304 -
::1 - - [09/Aug/2025 17:55:57] "GET /js/notes-modal.js HTTP/1.1" 200 -
::1 - - [09/Aug/2025 17:56:09] code 404, message File not found
::1 - - [09/Aug/2025 17:56:09] "GET /.well-known/appspecific/com.chrome.devtools.json HTTP/1.1" 404 -
::1 - - [09/Aug/2025 17:57:16] "GET /community.html HTTP/1.1" 304 -
::1 - - [09/Aug/2025 17:57:16] code 404, message File not found
::1 - - [09/Aug/2025 17:57:16] "GET /.well-known/appspecific/com.chrome.devtools.json HTTP/1.1" 404 -
::1 - - [09/Aug/2025 17:57:16] "GET /js/script.js HTTP/1.1" 200 -
::1 - - [09/Aug/2025 17:57:16] "GET /js/notes-modal.js HTTP/1.1" 304 -
::1 - - [09/Aug/2025 17:59:53] "GET /community.html HTTP/1.1" 200 -
::1 - - [09/Aug/2025 17:59:53] "GET /js/notes-modal.js HTTP/1.1" 200 -
::1 - - [09/Aug/2025 18:00:44] "GET /community.html HTTP/1.1" 304 -
::1 - - [09/Aug/2025 18:00:44] "GET /js/notes-modal.js HTTP/1.1" 200 -
::1 - - [09/Aug/2025 18:02:10] "GET /community.html HTTP/1.1" 304 -
::1 - - [09/Aug/2025 18:02:10] "GET /js/notes-modal.js HTTP/1.1" 304 -
::1 - - [09/Aug/2025 18:02:43] "GET /community.html HTTP/1.1" 200 -
::1 - - [09/Aug/2025 18:02:43] "GET /js/notes-modal.js HTTP/1.1" 200 -
::1 - - [09/Aug/2025 18:04:30] "GET /community.html HTTP/1.1" 200 -
::1 - - [09/Aug/2025 18:04:30] "GET /js/notes-modal.js HTTP/1.1" 200 -
::1 - - [09/Aug/2025 18:04:36] "GET /community.html HTTP/1.1" 200 -
::1 - - [09/Aug/2025 18:04:36] "GET /assets/images/gabriel-almeida.jpg HTTP/1.1" 200 -
::1 - - [09/Aug/2025 18:04:36] "GET /js/script.js HTTP/1.1" 304 -
::1 - - [09/Aug/2025 18:04:36] "GET /js/notes-modal.js HTTP/1.1" 200 -
::1 - - [09/Aug/2025 18:05:54] "GET /community.html HTTP/1.1" 200 -
::1 - - [09/Aug/2025 18:05:54] "GET /assets/images/gabriel-almeida.jpg HTTP/1.1" 304 -
::1 - - [09/Aug/2025 18:05:54] "GET /js/notes-modal.js HTTP/1.1" 304 -
::1 - - [09/Aug/2025 18:05:54] "GET /css/styles.css HTTP/1.1" 304 -
::1 - - [09/Aug/2025 18:05:54] "GET /js/script.js HTTP/1.1" 304 -
::1 - - [09/Aug/2025 18:08:21] "GET /community.html HTTP/1.1" 200 -
::1 - - [09/Aug/2025 18:08:21] "GET /assets/images/gabriel-almeida.jpg HTTP/1.1" 200 -
::1 - - [09/Aug/2025 18:08:21] "GET /js/notes-modal.js HTTP/1.1" 200 -
::1 - - [09/Aug/2025 18:10:46] "GET /community.html HTTP/1.1" 200 -
::1 - - [09/Aug/2025 18:10:46] "GET /js/notes-modal.js HTTP/1.1" 200 -
::1 - - [09/Aug/2025 18:10:46] "GET /assets/images/gabriel-almeida.jpg HTTP/1.1" 304 -
::1 - - [09/Aug/2025 18:11:36] "GET /community.html HTTP/1.1" 304 -
::1 - - [09/Aug/2025 18:11:36] "GET /assets/images/gabriel-almeida.jpg HTTP/1.1" 304 -
::1 - - [09/Aug/2025 18:11:36] "GET /js/notes-modal.js HTTP/1.1" 200 -
::1 - - [09/Aug/2025 18:11:57] "GET /community.html HTTP/1.1" 200 -
::1 - - [09/Aug/2025 18:11:57] "GET /assets/images/gabriel-almeida.jpg HTTP/1.1" 304 -
::1 - - [09/Aug/2025 18:11:57] "GET /js/notes-modal.js HTTP/1.1" 200 -
::1 - - [09/Aug/2025 18:11:57] "GET /js/script.js HTTP/1.1" 304 -
::1 - - [09/Aug/2025 18:12:55] "GET /community.html HTTP/1.1" 200 -
::1 - - [09/Aug/2025 18:12:55] "GET /assets/images/gabriel-almeida.jpg HTTP/1.1" 304 -
::1 - - [09/Aug/2025 18:12:55] "GET /assets/images/vikash-rungta.jpg HTTP/1.1" 200 -
::1 - - [09/Aug/2025 18:12:55] "GET /js/notes-modal.js HTTP/1.1" 304 -
::1 - - [09/Aug/2025 18:14:24] "GET /community.html HTTP/1.1" 200 -
::1 - - [09/Aug/2025 18:14:24] "GET /assets/images/gabriel-almeida.jpg HTTP/1.1" 304 -
::1 - - [09/Aug/2025 18:14:24] "GET /assets/images/vikash-rungta.jpg HTTP/1.1" 304 -
::1 - - [09/Aug/2025 18:14:24] "GET /js/notes-modal.js HTTP/1.1" 304 -
::1 - - [09/Aug/2025 18:15:39] "GET /community.html HTTP/1.1" 304 -
::1 - - [09/Aug/2025 18:15:39] "GET /assets/images/gabriel-almeida.jpg HTTP/1.1" 304 -
::1 - - [09/Aug/2025 18:15:39] "GET /assets/images/vikash-rungta.jpg HTTP/1.1" 304 -
::1 - - [09/Aug/2025 18:15:39] "GET /js/notes-modal.js HTTP/1.1" 304 -
::1 - - [09/Aug/2025 18:16:05] "GET /community.html HTTP/1.1" 200 -
::1 - - [09/Aug/2025 18:16:05] "GET /assets/images/vikash-rungta.jpg HTTP/1.1" 304 -
::1 - - [09/Aug/2025 18:16:25] "GET /community.html HTTP/1.1" 304 -
::1 - - [09/Aug/2025 18:16:25] "GET /assets/images/vikash-rungta.jpg HTTP/1.1" 304 -
::1 - - [09/Aug/2025 18:16:25] "GET /js/notes-modal.js HTTP/1.1" 304 -
::1 - - [09/Aug/2025 18:16:35] "GET /community.html HTTP/1.1" 200 -
::1 - - [09/Aug/2025 18:20:12] "GET /community.html HTTP/1.1" 200 -
::1 - - [09/Aug/2025 18:20:12] "GET /assets/images/gabriel-almeida.jpg HTTP/1.1" 304 -
::1 - - [09/Aug/2025 18:20:12] "GET /assets/images/vikash-rungta.jpg HTTP/1.1" 304 -
::1 - - [09/Aug/2025 18:20:12] "GET /js/notes-modal.js HTTP/1.1" 304 -
::1 - - [09/Aug/2025 18:20:35] "GET /community.html HTTP/1.1" 304 -
::1 - - [09/Aug/2025 18:21:20] "GET /community.html HTTP/1.1" 200 -
::1 - - [09/Aug/2025 18:21:20] "GET /assets/images/vikash-rungta.jpg HTTP/1.1" 304 -
::1 - - [09/Aug/2025 18:21:20] "GET /js/notes-modal.js HTTP/1.1" 304 -
::1 - - [09/Aug/2025 18:30:18] "GET /community.html HTTP/1.1" 304 -
::1 - - [09/Aug/2025 18:30:18] "GET /assets/images/gabriel-almeida.jpg HTTP/1.1" 304 -
::1 - - [09/Aug/2025 18:30:18] "GET /js/notes-modal.js HTTP/1.1" 304 -
::1 - - [09/Aug/2025 18:30:18] "GET /assets/images/vikash-rungta.jpg HTTP/1.1" 304 -
::1 - - [12/Aug/2025 14:29:47] "GET /community.html HTTP/1.1" 200 -
::1 - - [12/Aug/2025 14:29:47] "GET /assets/images/png-format/levelup-full-logo.png HTTP/1.1" 200 -
::1 - - [12/Aug/2025 14:29:47] "GET /css/styles.css HTTP/1.1" 200 -
::1 - - [12/Aug/2025 14:29:47] "GET /assets/images/chai-ai-tshirt.png HTTP/1.1" 304 -
::1 - - [12/Aug/2025 14:29:47] "GET /assets/images/gabriel-almeida.jpg HTTP/1.1" 304 -
::1 - - [12/Aug/2025 14:29:47] "GET /assets/images/vikash-rungta.jpg HTTP/1.1" 304 -
::1 - - [12/Aug/2025 14:29:47] "GET /js/script.js HTTP/1.1" 200 -
::1 - - [12/Aug/2025 14:29:47] "GET /js/notes-modal.js HTTP/1.1" 304 -
::1 - - [14/Aug/2025 14:57:02] "GET / HTTP/1.1" 200 -
::1 - - [14/Aug/2025 14:57:02] "GET /css/styles.css HTTP/1.1" 304 -
::1 - - [14/Aug/2025 14:57:02] "GET /assets/images/png-format/levelup-full-logo.png HTTP/1.1" 304 -
::1 - - [14/Aug/2025 14:57:02] "GET /js/script.js HTTP/1.1" 304 -
